Flow report for NETWORK
Mon Nov 25 21:37:12 2019
Quartus II 64-Bit Version 13.1.0 Build 162 10/23/2013 SJ Web Edition


---------------------
; Table of Contents ;
---------------------
  1. Legal Notice
  2. Flow Summary
  3. Flow Settings
  4. Flow Non-Default Global Settings
  5. Flow Elapsed Time
  6. Flow OS Summary
  7. Flow Log
  8. Flow Messages
  9. Flow Suppressed Messages



----------------
; Legal Notice ;
----------------
Copyright (C) 1991-2013 Altera Corporation
Your use of Altera Corporation's design tools, logic functions 
and other software and tools, and its AMPP partner logic 
functions, and any output files from any of the foregoing 
(including device programming or simulation files), and any 
associated documentation or information are expressly subject 
to the terms and conditions of the Altera Program License 
Subscription Agreement, Altera MegaCore Function License 
Agreement, or other applicable license agreement, including, 
without limitation, that your use is for the sole purpose of 
programming logic devices manufactured by Altera and sold by 
Altera or its authorized distributors.  Please refer to the 
applicable agreement for further details.



+---------------------------------------------------------------------------------+
; Flow Summary                                                                    ;
+------------------------------------+--------------------------------------------+
; Flow Status                        ; Successful - Mon Nov 25 21:37:12 2019      ;
; Quartus II 64-Bit Version          ; 13.1.0 Build 162 10/23/2013 SJ Web Edition ;
; Revision Name                      ; NETWORK                                    ;
; Top-level Entity Name              ; NETWORK                                    ;
; Family                             ; Cyclone III                                ;
; Total logic elements               ; 1,570 / 15,408 ( 10 % )                    ;
;     Total combinational functions  ; 1,569 / 15,408 ( 10 % )                    ;
;     Dedicated logic registers      ; 271 / 15,408 ( 2 % )                       ;
; Total registers                    ; 271                                        ;
; Total pins                         ; 138 / 347 ( 40 % )                         ;
; Total virtual pins                 ; 0                                          ;
; Total memory bits                  ; 0 / 516,096 ( 0 % )                        ;
; Embedded Multiplier 9-bit elements ; 0 / 112 ( 0 % )                            ;
; Total PLLs                         ; 1 / 4 ( 25 % )                             ;
; Device                             ; EP3C16F484C6                               ;
; Timing Models                      ; Final                                      ;
+------------------------------------+--------------------------------------------+


+-----------------------------------------+
; Flow Settings                           ;
+-------------------+---------------------+
; Option            ; Setting             ;
+-------------------+---------------------+
; Start date & time ; 11/25/2019 21:35:46 ;
; Main task         ; Compilation         ;
; Revision Name     ; NETWORK             ;
+-------------------+---------------------+


+----------------------------------------------------------------------------------------------------------------------+
; Flow Non-Default Global Settings                                                                                     ;
+-------------------------------------+---------------------------------+---------------+-------------+----------------+
; Assignment Name                     ; Value                           ; Default Value ; Entity Name ; Section Id     ;
+-------------------------------------+---------------------------------+---------------+-------------+----------------+
; COMPILER_SIGNATURE_ID               ; 167690707071638.157472854603660 ; --            ; --          ; --             ;
; EDA_OUTPUT_DATA_FORMAT              ; Vhdl                            ; --            ; --          ; eda_simulation ;
; EDA_SIMULATION_TOOL                 ; ModelSim-Altera (VHDL)          ; <None>        ; --          ; --             ;
; IP_TOOL_NAME                        ; ALTPLL                          ; --            ; --          ; --             ;
; IP_TOOL_VERSION                     ; 13.1                            ; --            ; --          ; --             ;
; MISC_FILE                           ; PLL.cmp                         ; --            ; --          ; --             ;
; MISC_FILE                           ; PLL.ppf                         ; --            ; --          ; --             ;
; PARTITION_COLOR                     ; 16764057                        ; --            ; --          ; Top            ;
; PARTITION_FITTER_PRESERVATION_LEVEL ; PLACEMENT_AND_ROUTING           ; --            ; --          ; Top            ;
; PARTITION_NETLIST_TYPE              ; SOURCE                          ; --            ; --          ; Top            ;
; PROJECT_OUTPUT_DIRECTORY            ; output_files                    ; --            ; --          ; --             ;
+-------------------------------------+---------------------------------+---------------+-------------+----------------+


+-------------------------------------------------------------------------------------------------------------------------------+
; Flow Elapsed Time                                                                                                             ;
+---------------------------+--------------+-------------------------+---------------------+------------------------------------+
; Module Name               ; Elapsed Time ; Average Processors Used ; Peak Virtual Memory ; Total CPU Time (on all processors) ;
+---------------------------+--------------+-------------------------+---------------------+------------------------------------+
; Analysis & Synthesis      ; 00:00:14     ; 1.0                     ; 4697 MB             ; 00:00:08                           ;
; Fitter                    ; 00:00:40     ; 1.2                     ; 5211 MB             ; 00:00:32                           ;
; Assembler                 ; 00:00:03     ; 1.0                     ; 4626 MB             ; 00:00:03                           ;
; TimeQuest Timing Analyzer ; 00:00:10     ; 1.1                     ; 4695 MB             ; 00:00:07                           ;
; EDA Netlist Writer        ; 00:00:05     ; 1.0                     ; 4585 MB             ; 00:00:03                           ;
; Total                     ; 00:01:12     ; --                      ; --                  ; 00:00:53                           ;
+---------------------------+--------------+-------------------------+---------------------+------------------------------------+


+----------------------------------------------------------------------------------------+
; Flow OS Summary                                                                        ;
+---------------------------+------------------+-----------+------------+----------------+
; Module Name               ; Machine Hostname ; OS Name   ; OS Version ; Processor type ;
+---------------------------+------------------+-----------+------------+----------------+
; Analysis & Synthesis      ; DESKTOP-DEVT9R1  ; Windows 7 ; 6.2        ; x86_64         ;
; Fitter                    ; DESKTOP-DEVT9R1  ; Windows 7 ; 6.2        ; x86_64         ;
; Assembler                 ; DESKTOP-DEVT9R1  ; Windows 7 ; 6.2        ; x86_64         ;
; TimeQuest Timing Analyzer ; DESKTOP-DEVT9R1  ; Windows 7 ; 6.2        ; x86_64         ;
; EDA Netlist Writer        ; DESKTOP-DEVT9R1  ; Windows 7 ; 6.2        ; x86_64         ;
+---------------------------+------------------+-----------+------------+----------------+


------------
; Flow Log ;
------------
quartus_map --read_settings_files=on --write_settings_files=off NETWORK -c NETWORK
quartus_fit --read_settings_files=off --write_settings_files=off NETWORK -c NETWORK
quartus_asm --read_settings_files=off --write_settings_files=off NETWORK -c NETWORK
quartus_sta NETWORK -c NETWORK
quartus_eda --read_settings_files=off --write_settings_files=off NETWORK -c NETWORK



